Version tag: prec64_original_BEx
Fixed basis name: cc-pVDZ
-----------------
Atom: H     0
-----------------
  Block type: S
Full norm: 1.0000009981
Rem. 	 alfa 			 norm 			loss,% 	 contr.,%
# 1 	 13.0100000000 	 0.9909191488 	0.9082 		 18.5385
# 2 	 1.9620000000 	 0.8432223682 	15.6778 		 31.4458
# 3 	 0.4446000000 	 0.3198386114 	68.0162 		 35.7908
# 4 	 0.1220000000 	 0.3453140313 	65.4686 		 14.2248
  Block type: S
  Block type: P
Full norm: 7.7288664106
Rem. 	 alfa 			 norm 			loss,% 	 contr.,%
# 1 	 13.0100000000 	 7.7046796911 	0.3129 		 7.8348
# 2 	 1.9620000000 	 7.2522737461 	6.1664 		 13.2897
# 3 	 0.4446000000 	 5.4215854193 	29.8528 		 15.1260
# 4 	 0.1220000000 	 5.4826119695 	29.0632 		 6.0117
# 5 	 0.1220000000 	 3.7462313508 	51.5294 		 11.9937
# 6 	 0.7270000000 	 3.8073755715 	50.7382 		 45.7441
-----------------
Atom: C     0
-----------------
  Block type: S
Full norm: 0.9999994819
Rem. 	 alfa 			 norm 			loss,% 	 contr.,%
# 1 	 6665.0000000000 	 0.9999464252 	0.0053 		 4.7585
# 2 	 1000.0000000000 	 0.9985210866 	0.1478 		 8.8341
# 3 	 228.0000000000 	 0.9820642278 	1.7935 		 14.8105
# 4 	 64.7100000000 	 0.8821969242 	11.7803 		 21.6343
# 5 	 21.0600000000 	 0.5876494903 	41.2350 		 25.1787
# 6 	 7.4950000000 	 0.3275278525 	67.2472 		 18.9417
# 7 	 2.7970000000 	 0.6021401677 	39.7860 		 5.7477
# 8 	 0.5215000000 	 0.9880555459 	1.1944 		 0.0870
# 9 	 0.1596000000 	 1.0012035048 	-0.1204 		 0.0075
  Block type: S
Full norm: 0.9999990950
Rem. 	 alfa 			 norm 			loss,% 	 contr.,%
# 1 	 6665.0000000000 	 0.9999967131 	0.0002 		 3.3191
# 2 	 1000.0000000000 	 0.9999312858 	0.0068 		 6.3244
# 3 	 228.0000000000 	 0.9992093637 	0.0790 		 10.3523
# 4 	 64.7100000000 	 0.9947818215 	0.5217 		 16.3915
# 5 	 21.0600000000 	 0.9861515617 	1.3848 		 19.3767
# 6 	 7.4950000000 	 1.0090989038 	-0.9100 		 20.9376
# 7 	 2.7970000000 	 1.0726732915 	-7.2674 		 8.4826
# 8 	 0.5215000000 	 0.3671558384 	63.2844 		 10.2985
# 9 	 0.1596000000 	 0.2478400129 	75.2160 		 4.5174
  Block type: S
  Block type: P
Full norm: 1.1383912782
Rem. 	 alfa 			 norm 			loss,% 	 contr.,%
# 1 	 9.4390000000 	 1.1100286569 	2.4915 		 20.6336
# 2 	 2.0020000000 	 0.8536719893 	25.0107 		 35.4482
# 3 	 0.5456000000 	 0.3520901954 	69.0712 		 32.4600
# 4 	 0.1517000000 	 0.4847688886 	57.4163 		 11.4583
  Block type: P
  Block type: D
Full norm: 26.7849509461
Rem. 	 alfa 			 norm 			loss,% 	 contr.,%
# 1 	 6665.0000000000 	 26.7848979868 	0.0002 		 3.1704
# 2 	 1000.0000000000 	 26.7834317760 	0.0057 		 5.8857
# 3 	 228.0000000000 	 26.7654027431 	0.0730 		 9.8675
# 4 	 64.7100000000 	 26.6403085482 	0.5400 		 14.4138
# 5 	 21.0600000000 	 26.1408411578 	2.4047 		 16.7753
# 6 	 7.4950000000 	 25.1646328094 	6.0494 		 12.6199
# 7 	 2.7970000000 	 25.1596778161 	6.0679 		 3.8294
# 8 	 0.5215000000 	 26.6383942875 	0.5472 		 0.0579
# 9 	 0.1596000000 	 26.8157855565 	-0.1151 		 0.0050
#10 	 6665.0000000000 	 26.7849622420 	-0.0000 		 0.6689
#11 	 1000.0000000000 	 26.7852874053 	-0.0013 		 1.2746
#12 	 228.0000000000 	 26.7892718935 	-0.0161 		 2.0863
#13 	 64.7100000000 	 26.8210151724 	-0.1346 		 3.3034
#14 	 21.0600000000 	 26.9565504593 	-0.6407 		 3.9050
#15 	 7.4950000000 	 27.4164877929 	-2.3578 		 4.2196
#16 	 2.7970000000 	 27.5629758900 	-2.9047 		 1.7095
#17 	 0.5215000000 	 21.8242788134 	18.5204 		 2.0755
#18 	 0.1596000000 	 21.5144501774 	19.6771 		 0.9104
#19 	 0.1596000000 	 18.1251490145 	32.3308 		 1.5683
#20 	 9.4390000000 	 26.6456196875 	0.5202 		 1.2746
#21 	 2.0020000000 	 25.4120202901 	5.1258 		 2.1897
#22 	 0.5456000000 	 22.1668663930 	17.2413 		 2.0052
#23 	 0.1517000000 	 22.5131484066 	15.9485 		 0.7078
#24 	 0.1517000000 	 18.2047184177 	32.0338 		 1.5097
#25 	 0.5500000000 	 18.2076281291 	32.0229 		 3.9667
-----------------
Atom: P     0
-----------------
  Block type: S
Full norm: 0.9999998756
Rem. 	 alfa 			 norm 			loss,% 	 contr.,%
# 1 	 94840.0000000000 	 0.9999886355 	0.0011 		 3.1353
# 2 	 14220.0000000000 	 0.9996695656 	0.0330 		 5.8598
# 3 	 3236.0000000000 	 0.9955733844 	0.4426 		 10.0105
# 4 	 917.1000000000 	 0.9646740895 	3.5326 		 15.6963
# 5 	 299.5000000000 	 0.8272550124 	17.2745 		 21.5746
# 6 	 108.1000000000 	 0.5209735341 	47.9026 		 23.4950
# 7 	 42.1800000000 	 0.3641202765 	63.5880 		 15.8078
# 8 	 17.2800000000 	 0.6834047121 	31.6595 		 4.2889
# 9 	 4.8580000000 	 0.9844917227 	1.5508 		 0.1219
#10 	 1.8180000000 	 1.0013614074 	-0.1362 		 0.0090
#11 	 0.3372000000 	 0.9998776376 	0.0122 		 0.0008
#12 	 0.1232000000 	 1.0000258648 	-0.0026 		 0.0002
  Block type: S
Full norm: 1.0000005142
Rem. 	 alfa 			 norm 			loss,% 	 contr.,%
# 1 	 94840.0000000000 	 0.9999996821 	0.0001 		 2.1813
# 2 	 14220.0000000000 	 0.9999763516 	0.0024 		 4.0366
# 3 	 3236.0000000000 	 0.9996725761 	0.0328 		 7.0493
# 4 	 917.1000000000 	 0.9974767873 	0.2524 		 11.0007
# 5 	 299.5000000000 	 0.9881209510 	1.1880 		 16.3825
# 6 	 108.1000000000 	 0.9780434119 	2.1957 		 19.3444
# 7 	 42.1800000000 	 1.0365311003 	-3.6531 		 18.9770
# 8 	 17.2800000000 	 1.0841303735 	-8.4130 		 5.6376
# 9 	 4.8580000000 	 0.4149540667 	58.5046 		 9.8274
#10 	 1.8180000000 	 0.2306480864 	76.9352 		 5.4570
#11 	 0.3372000000 	 0.9611710043 	3.8829 		 0.0945
#12 	 0.1232000000 	 1.0058940155 	-0.5893 		 0.0117
  Block type: S
Full norm: 1.0000001303
Rem. 	 alfa 			 norm 			loss,% 	 contr.,%
# 1 	 94840.0000000000 	 1.0000000677 	0.0000 		 1.8084
# 2 	 14220.0000000000 	 0.9999983059 	0.0002 		 3.3552
# 3 	 3236.0000000000 	 0.9999754624 	0.0025 		 5.8412
# 4 	 917.1000000000 	 0.9998096456 	0.0190 		 9.1741
# 5 	 299.5000000000 	 0.9991140529 	0.0886 		 13.6330
# 6 	 108.1000000000 	 0.9984237262 	0.1576 		 16.4258
# 7 	 42.1800000000 	 1.0033138955 	-0.3314 		 16.3365
# 8 	 17.2800000000 	 1.0070918621 	-0.7092 		 5.3130
# 9 	 4.8580000000 	 0.9863383157 	1.3662 		 11.0748
#10 	 1.8180000000 	 1.1939310630 	-19.3931 		 10.1957
#11 	 0.3372000000 	 0.3944178550 	60.5582 		 4.8343
#12 	 0.1232000000 	 0.2928959044 	70.7104 		 2.0079
  Block type: S
  Block type: P
Full norm: 1.1338243229
Rem. 	 alfa 			 norm 			loss,% 	 contr.,%
# 1 	 370.5000000000 	 1.1323856743 	0.1269 		 5.3800
# 2 	 87.3300000000 	 1.1081110949 	2.2678 		 13.9373
# 3 	 27.5900000000 	 0.9576223767 	15.5405 		 25.1540
# 4 	 10.0000000000 	 0.5988184264 	47.1860 		 29.7118
# 5 	 3.8250000000 	 0.3980385370 	64.8942 		 20.1593
# 6 	 1.4940000000 	 0.7540094968 	33.4986 		 5.5160
# 7 	 0.3921000000 	 1.1173654348 	1.4516 		 0.1349
# 8 	 0.1186000000 	 1.1348110092 	-0.0870 		 0.0068
  Block type: P
Full norm: 1.0040728866
Rem. 	 alfa 			 norm 			loss,% 	 contr.,%
# 1 	 370.5000000000 	 1.0040124078 	0.0060 		 4.2919
# 2 	 87.3300000000 	 1.0031396595 	0.0929 		 10.7575
# 3 	 27.5900000000 	 0.9992074678 	0.4846 		 20.8513
# 4 	 10.0000000000 	 1.0030480041 	0.1021 		 23.6949
# 5 	 3.8250000000 	 1.0553379690 	-5.1057 		 19.5532
# 6 	 1.4940000000 	 1.0119731209 	-0.7868 		 0.6515
# 7 	 0.3921000000 	 0.3357895100 	66.5573 		 14.1101
# 8 	 0.1186000000 	 0.2507627832 	75.0254 		 6.0896
  Block type: P
  Block type: D
Full norm: 34.1779704451
Rem. 	 alfa 			 norm 			loss,% 	 contr.,%
# 1 	 94840.0000000000 	 34.1779598375 	0.0000 		 1.8169
# 2 	 14220.0000000000 	 34.1776546666 	0.0009 		 3.3958
# 3 	 3236.0000000000 	 34.1736311892 	0.0127 		 5.8011
# 4 	 917.1000000000 	 34.1416391783 	0.1063 		 9.0962
# 5 	 299.5000000000 	 33.9826875883 	0.5714 		 12.5026
# 6 	 108.1000000000 	 33.5227353333 	1.9171 		 13.6156
# 7 	 42.1800000000 	 32.9674533554 	3.5418 		 9.1607
# 8 	 17.2800000000 	 33.2809773538 	2.6245 		 2.4855
# 9 	 4.8580000000 	 34.0801390435 	0.2862 		 0.0706
#10 	 1.8180000000 	 34.1977339456 	-0.0578 		 0.0052
#11 	 0.3372000000 	 34.1698086429 	0.0239 		 0.0004
#12 	 0.1232000000 	 34.1814471230 	-0.0102 		 0.0001
#13 	 94840.0000000000 	 34.1779733612 	-0.0000 		 0.4956
#14 	 14220.0000000000 	 34.1780570758 	-0.0003 		 0.9171
#15 	 3236.0000000000 	 34.1792056687 	-0.0036 		 1.6016
#16 	 917.1000000000 	 34.1885561188 	-0.0310 		 2.4994
#17 	 299.5000000000 	 34.2428379867 	-0.1898 		 3.7222
#18 	 108.1000000000 	 34.4301623724 	-0.7379 		 4.3951
#19 	 42.1800000000 	 34.8701943339 	-2.0254 		 4.3116
#20 	 17.2800000000 	 34.6790277078 	-1.4660 		 1.2809
#21 	 4.8580000000 	 31.3454745410 	8.2875 		 2.2328
#22 	 1.8180000000 	 29.8635023613 	12.6235 		 1.2398
#23 	 0.3372000000 	 33.7771175102 	1.1728 		 0.0215
#24 	 0.1232000000 	 34.2800371103 	-0.2986 		 0.0027
#25 	 94840.0000000000 	 34.1779696468 	0.0000 		 0.1360
#26 	 14220.0000000000 	 34.1779467181 	0.0001 		 0.2523
#27 	 3236.0000000000 	 34.1776345668 	0.0010 		 0.4392
#28 	 917.1000000000 	 34.1750949832 	0.0084 		 0.6897
#29 	 299.5000000000 	 34.1606502335 	0.0507 		 1.0250
#30 	 108.1000000000 	 34.1106830508 	0.1969 		 1.2349
#31 	 42.1800000000 	 33.9951287978 	0.5350 		 1.2282
#32 	 17.2800000000 	 34.0271133058 	0.4414 		 0.3994
#33 	 4.8580000000 	 35.3719122040 	-3.4933 		 0.8326
#34 	 1.8180000000 	 37.2078284834 	-8.8649 		 0.7665
#35 	 0.3372000000 	 27.7561814443 	18.7893 		 0.3635
#36 	 0.1232000000 	 28.6868673134 	16.0662 		 0.1510
#37 	 0.1232000000 	 24.6735683960 	27.8086 		 0.2736
#38 	 370.5000000000 	 34.1722162890 	0.0168 		 0.4389
#39 	 87.3300000000 	 34.0996519989 	0.2291 		 1.1370
#40 	 27.5900000000 	 33.7116101384 	1.3645 		 2.0521
#41 	 10.0000000000 	 32.6708435012 	4.4096 		 2.4239
#42 	 3.8250000000 	 31.4736724502 	7.9124 		 1.6446
#43 	 1.4940000000 	 32.1719334592 	5.8694 		 0.4500
#44 	 0.3921000000 	 33.9967656434 	0.5302 		 0.0110
#45 	 0.1186000000 	 34.1995854163 	-0.0632 		 0.0006
#46 	 370.5000000000 	 34.1793733738 	-0.0041 		 0.1067
#47 	 87.3300000000 	 34.1966492885 	-0.0547 		 0.2673
#48 	 27.5900000000 	 34.3010338410 	-0.3601 		 0.5182
#49 	 10.0000000000 	 34.5764804714 	-1.1660 		 0.5888
#50 	 3.8250000000 	 35.0568723098 	-2.5715 		 0.4859
#51 	 1.4940000000 	 34.2525336749 	-0.2182 		 0.0162
#52 	 0.3921000000 	 28.6848142376 	16.0722 		 0.3506
#53 	 0.1186000000 	 28.5634577729 	16.4273 		 0.1513
#54 	 0.1186000000 	 24.7427154784 	27.6062 		 0.2659
#55 	 0.3730000000 	 24.3680205660 	28.7026 		 0.6280
